{"C:\\Users\\hy\\Documents\\APLIKASI\\APP4\\moodle\\api\\src\\services\\ClassService.ts": {"path":"C:\\Users\\hy\\Documents\\APLIKASI\\APP4\\moodle\\api\\src\\services\\ClassService.ts","statementMap":{"0":{"start":{"line":1,"column":0},"end":{"line":1,"column":69}},"1":{"start":{"line":2,"column":0},"end":{"line":2,"column":65}},"2":{"start":{"line":4,"column":15},"end":{"line":4,"column":33}},"3":{"start":{"line":17,"column":20},"end":{"line":19,"column":6}},"4":{"start":{"line":21,"column":4},"end":{"line":23,"column":5}},"5":{"start":{"line":22,"column":6},"end":{"line":22,"column":54}},"6":{"start":{"line":26,"column":4},"end":{"line":38,"column":7}},"7":{"start":{"line":49,"column":26},"end":{"line":51,"column":6}},"8":{"start":{"line":53,"column":4},"end":{"line":55,"column":5}},"9":{"start":{"line":54,"column":6},"end":{"line":54,"column":49}},"10":{"start":{"line":58,"column":4},"end":{"line":66,"column":5}},"11":{"start":{"line":59,"column":22},"end":{"line":61,"column":8}},"12":{"start":{"line":63,"column":6},"end":{"line":65,"column":7}},"13":{"start":{"line":64,"column":8},"end":{"line":64,"column":56}},"14":{"start":{"line":68,"column":4},"end":{"line":75,"column":7}},"15":{"start":{"line":80,"column":26},"end":{"line":82,"column":6}},"16":{"start":{"line":84,"column":4},"end":{"line":86,"column":5}},"17":{"start":{"line":85,"column":6},"end":{"line":85,"column":49}},"18":{"start":{"line":89,"column":4},"end":{"line":115,"column":7}},"19":{"start":{"line":120,"column":26},"end":{"line":122,"column":6}},"20":{"start":{"line":124,"column":4},"end":{"line":126,"column":5}},"21":{"start":{"line":125,"column":6},"end":{"line":125,"column":49}},"22":{"start":{"line":129,"column":21},"end":{"line":134,"column":6}},"23":{"start":{"line":136,"column":4},"end":{"line":138,"column":5}},"24":{"start":{"line":137,"column":6},"end":{"line":137,"column":67}},"25":{"start":{"line":141,"column":4},"end":{"line":147,"column":7}},"26":{"start":{"line":142,"column":41},"end":{"line":145,"column":8}},"27":{"start":{"line":151,"column":25},"end":{"line":172,"column":6}},"28":{"start":{"line":174,"column":4},"end":{"line":176,"column":5}},"29":{"start":{"line":175,"column":6},"end":{"line":175,"column":49}},"30":{"start":{"line":178,"column":4},"end":{"line":178,"column":24}},"31":{"start":{"line":6,"column":0},"end":{"line":6,"column":13}}},"fnMap":{"0":{"name":"(anonymous_0)","decl":{"start":{"line":7,"column":2},"end":{"line":7,"column":7}},"loc":{"start":{"line":15,"column":3},"end":{"line":39,"column":3}}},"1":{"name":"(anonymous_1)","decl":{"start":{"line":41,"column":2},"end":{"line":41,"column":7}},"loc":{"start":{"line":46,"column":5},"end":{"line":76,"column":3}}},"2":{"name":"(anonymous_2)","decl":{"start":{"line":78,"column":2},"end":{"line":78,"column":7}},"loc":{"start":{"line":78,"column":30},"end":{"line":116,"column":3}}},"3":{"name":"(anonymous_3)","decl":{"start":{"line":118,"column":2},"end":{"line":118,"column":7}},"loc":{"start":{"line":118,"column":60},"end":{"line":148,"column":3}}},"4":{"name":"(anonymous_4)","decl":{"start":{"line":142,"column":27},"end":{"line":142,"column":36}},"loc":{"start":{"line":142,"column":41},"end":{"line":145,"column":8}}},"5":{"name":"(anonymous_5)","decl":{"start":{"line":150,"column":2},"end":{"line":150,"column":7}},"loc":{"start":{"line":150,"column":34},"end":{"line":179,"column":3}}}},"branchMap":{"0":{"loc":{"start":{"line":21,"column":4},"end":{"line":23,"column":5}},"type":"if","locations":[{"start":{"line":21,"column":4},"end":{"line":23,"column":5}}]},"1":{"loc":{"start":{"line":53,"column":4},"end":{"line":55,"column":5}},"type":"if","locations":[{"start":{"line":53,"column":4},"end":{"line":55,"column":5}}]},"2":{"loc":{"start":{"line":58,"column":4},"end":{"line":66,"column":5}},"type":"if","locations":[{"start":{"line":58,"column":4},"end":{"line":66,"column":5}}]},"3":{"loc":{"start":{"line":63,"column":6},"end":{"line":65,"column":7}},"type":"if","locations":[{"start":{"line":63,"column":6},"end":{"line":65,"column":7}}]},"4":{"loc":{"start":{"line":84,"column":4},"end":{"line":86,"column":5}},"type":"if","locations":[{"start":{"line":84,"column":4},"end":{"line":86,"column":5}}]},"5":{"loc":{"start":{"line":124,"column":4},"end":{"line":126,"column":5}},"type":"if","locations":[{"start":{"line":124,"column":4},"end":{"line":126,"column":5}}]},"6":{"loc":{"start":{"line":136,"column":4},"end":{"line":138,"column":5}},"type":"if","locations":[{"start":{"line":136,"column":4},"end":{"line":138,"column":5}}]},"7":{"loc":{"start":{"line":174,"column":4},"end":{"line":176,"column":5}},"type":"if","locations":[{"start":{"line":174,"column":4},"end":{"line":176,"column":5}}]}},"s":{"0":1,"1":1,"2":1,"3":2,"4":0,"5":0,"6":0,"7":0,"8":0,"9":0,"10":0,"11":0,"12":0,"13":0,"14":0,"15":0,"16":0,"17":0,"18":0,"19":1,"20":0,"21":0,"22":0,"23":0,"24":0,"25":0,"26":0,"27":0,"28":0,"29":0,"30":0,"31":1},"f":{"0":2,"1":0,"2":0,"3":1,"4":0,"5":0},"b":{"0":[0],"1":[0],"2":[0],"3":[0],"4":[0],"5":[0],"6":[0],"7":[0]}}
,"C:\\Users\\hy\\Documents\\APLIKASI\\APP4\\moodle\\api\\src\\utils\\errors.ts": {"path":"C:\\Users\\hy\\Documents\\APLIKASI\\APP4\\moodle\\api\\src\\utils\\errors.ts","statementMap":{"0":{"start":{"line":6,"column":8},"end":{"line":6,"column":23}},"1":{"start":{"line":7,"column":8},"end":{"line":7,"column":37}},"2":{"start":{"line":8,"column":8},"end":{"line":8,"column":34}},"3":{"start":{"line":9,"column":8},"end":{"line":9,"column":56}},"4":{"start":{"line":1,"column":0},"end":{"line":1,"column":13}},"5":{"start":{"line":15,"column":8},"end":{"line":15,"column":28}},"6":{"start":{"line":13,"column":0},"end":{"line":13,"column":13}},"7":{"start":{"line":21,"column":8},"end":{"line":21,"column":28}},"8":{"start":{"line":19,"column":0},"end":{"line":19,"column":13}},"9":{"start":{"line":27,"column":8},"end":{"line":27,"column":28}},"10":{"start":{"line":25,"column":0},"end":{"line":25,"column":13}},"11":{"start":{"line":33,"column":8},"end":{"line":33,"column":28}},"12":{"start":{"line":31,"column":0},"end":{"line":31,"column":13}},"13":{"start":{"line":39,"column":8},"end":{"line":39,"column":28}},"14":{"start":{"line":37,"column":0},"end":{"line":37,"column":13}}},"fnMap":{"0":{"name":"(anonymous_0)","decl":{"start":{"line":5,"column":4},"end":{"line":5,"column":16}},"loc":{"start":{"line":5,"column":51},"end":{"line":10,"column":5}}},"1":{"name":"(anonymous_1)","decl":{"start":{"line":14,"column":4},"end":{"line":14,"column":16}},"loc":{"start":{"line":14,"column":31},"end":{"line":16,"column":5}}},"2":{"name":"(anonymous_2)","decl":{"start":{"line":20,"column":4},"end":{"line":20,"column":16}},"loc":{"start":{"line":20,"column":31},"end":{"line":22,"column":5}}},"3":{"name":"(anonymous_3)","decl":{"start":{"line":26,"column":4},"end":{"line":26,"column":16}},"loc":{"start":{"line":26,"column":31},"end":{"line":28,"column":5}}},"4":{"name":"(anonymous_4)","decl":{"start":{"line":32,"column":4},"end":{"line":32,"column":16}},"loc":{"start":{"line":32,"column":31},"end":{"line":34,"column":5}}},"5":{"name":"(anonymous_5)","decl":{"start":{"line":38,"column":4},"end":{"line":38,"column":16}},"loc":{"start":{"line":38,"column":31},"end":{"line":40,"column":5}}}},"branchMap":{},"s":{"0":0,"1":0,"2":0,"3":0,"4":1,"5":0,"6":1,"7":0,"8":1,"9":0,"10":1,"11":0,"12":1,"13":0,"14":1},"f":{"0":0,"1":0,"2":0,"3":0,"4":0,"5":0},"b":{}}
}
