TN:
SF:src\services\ClassService.ts
FN:7,(anonymous_0)
FN:41,(anonymous_1)
FN:78,(anonymous_2)
FN:118,(anonymous_3)
FN:142,(anonymous_4)
FN:150,(anonymous_5)
FNF:6
FNH:2
FNDA:2,(anonymous_0)
FNDA:0,(anonymous_1)
FNDA:0,(anonymous_2)
FNDA:1,(anonymous_3)
FNDA:0,(anonymous_4)
FNDA:0,(anonymous_5)
DA:1,1
DA:2,1
DA:4,1
DA:6,1
DA:17,2
DA:21,0
DA:22,0
DA:26,0
DA:49,0
DA:53,0
DA:54,0
DA:58,0
DA:59,0
DA:63,0
DA:64,0
DA:68,0
DA:80,0
DA:84,0
DA:85,0
DA:89,0
DA:120,1
DA:124,0
DA:125,0
DA:129,0
DA:136,0
DA:137,0
DA:141,0
DA:142,0
DA:151,0
DA:174,0
DA:175,0
DA:178,0
LF:32
LH:6
BRDA:21,0,0,0
BRDA:53,1,0,0
BRDA:58,2,0,0
BRDA:63,3,0,0
BRDA:84,4,0,0
BRDA:124,5,0,0
BRDA:136,6,0,0
BRDA:174,7,0,0
BRF:8
BRH:0
end_of_record
TN:
SF:src\utils\errors.ts
FN:5,(anonymous_0)
FN:14,(anonymous_1)
FN:20,(anonymous_2)
FN:26,(anonymous_3)
FN:32,(anonymous_4)
FN:38,(anonymous_5)
FNF:6
FNH:0
FNDA:0,(anonymous_0)
FNDA:0,(anonymous_1)
FNDA:0,(anonymous_2)
FNDA:0,(anonymous_3)
FNDA:0,(anonymous_4)
FNDA:0,(anonymous_5)
DA:1,1
DA:6,0
DA:7,0
DA:8,0
DA:9,0
DA:13,1
DA:15,0
DA:19,1
DA:21,0
DA:25,1
DA:27,0
DA:31,1
DA:33,0
DA:37,1
DA:39,0
LF:15
LH:6
BRF:0
BRH:0
end_of_record
